This file contains any messages produced by compilers while
running configure, to aid debugging if configure makes a mistake.

It was created by configure, which was
generated by GNU Autoconf 2.69.  Invocation command line was

  $ ./configure CFLAGS=-m32 --prefix=/home/ec2-user/install-freetds/FREETDS/INSTALL/gperf-3.1x32

## --------- ##
## Platform. ##
## --------- ##

hostname = ip-172-31-17-3.eu-west-2.compute.internal
uname -m = x86_64
uname -r = 4.18.0-240.1.1.el8_3.x86_64
uname -s = Linux
uname -v = #1 SMP Fri Oct 16 13:36:46 EDT 2020

/usr/bin/uname -p = x86_64
/bin/uname -X     = unknown

/bin/arch              = x86_64
/usr/bin/arch -k       = unknown
/usr/convex/getsysinfo = unknown
/usr/bin/hostinfo      = unknown
/bin/machine           = unknown
/usr/bin/oslevel       = unknown
/bin/universe          = unknown

PATH: /home/ec2-user/.local/bin
PATH: /home/ec2-user/bin
PATH: /usr/local/bin
PATH: /usr/bin
PATH: /usr/local/sbin
PATH: /usr/sbin


## ----------- ##
## Core tests. ##
## ----------- ##

configure:1696: checking whether make sets $(MAKE)
configure:1718: result: yes
configure:1905: creating ./config.status

## ---------------------- ##
## Running config.status. ##
## ---------------------- ##

This file was extended by config.status, which was
generated by GNU Autoconf 2.69.  Invocation command line was

  CONFIG_FILES    = 
  CONFIG_HEADERS  = 
  CONFIG_LINKS    = 
  CONFIG_COMMANDS = 
  $ ./config.status 

on ip-172-31-17-3.eu-west-2.compute.internal

config.status:713: creating Makefile
configure:2976: === configuring in lib (/home/ec2-user/install-freetds/FREETDS/LIBS/gperf-3.1/lib)
configure:3039: running /bin/sh ./configure --disable-option-checking '--prefix=/home/ec2-user/install-freetds/FREETDS/INSTALL/gperf-3.1x32'  'CFLAGS=-m32' --cache-file=/dev/null --srcdir=.
configure:2976: === configuring in src (/home/ec2-user/install-freetds/FREETDS/LIBS/gperf-3.1/src)
configure:3039: running /bin/sh ./configure --disable-option-checking '--prefix=/home/ec2-user/install-freetds/FREETDS/INSTALL/gperf-3.1x32'  'CFLAGS=-m32' --cache-file=/dev/null --srcdir=.
configure:2976: === configuring in tests (/home/ec2-user/install-freetds/FREETDS/LIBS/gperf-3.1/tests)
configure:3039: running /bin/sh ./configure --disable-option-checking '--prefix=/home/ec2-user/install-freetds/FREETDS/INSTALL/gperf-3.1x32'  'CFLAGS=-m32' --cache-file=/dev/null --srcdir=.
configure:2976: === configuring in doc (/home/ec2-user/install-freetds/FREETDS/LIBS/gperf-3.1/doc)
configure:3039: running /bin/sh ./configure --disable-option-checking '--prefix=/home/ec2-user/install-freetds/FREETDS/INSTALL/gperf-3.1x32'  'CFLAGS=-m32' --cache-file=/dev/null --srcdir=.

## ---------------- ##
## Cache variables. ##
## ---------------- ##

ac_cv_env_build_alias_set=
ac_cv_env_build_alias_value=
ac_cv_env_host_alias_set=
ac_cv_env_host_alias_value=
ac_cv_env_target_alias_set=
ac_cv_env_target_alias_value=
ac_cv_prog_make_make_set=yes

## ----------------- ##
## Output variables. ##
## ----------------- ##

DEFS='-DPACKAGE_NAME=\"\" -DPACKAGE_TARNAME=\"\" -DPACKAGE_VERSION=\"\" -DPACKAGE_STRING=\"\" -DPACKAGE_BUGREPORT=\"\" -DPACKAGE_URL=\"\"'
ECHO_C=''
ECHO_N='-n'
ECHO_T=''
LIBOBJS=''
LIBS=''
LTLIBOBJS=''
PACKAGE_BUGREPORT=''
PACKAGE_NAME=''
PACKAGE_STRING=''
PACKAGE_TARNAME=''
PACKAGE_URL=''
PACKAGE_VERSION=''
PATH_SEPARATOR=':'
SET_MAKE=''
SHELL='/bin/sh'
bindir='${exec_prefix}/bin'
build_alias=''
datadir='${datarootdir}'
datarootdir='${prefix}/share'
docdir='${datarootdir}/doc/${PACKAGE}'
dvidir='${docdir}'
exec_prefix='${prefix}'
host_alias=''
htmldir='${docdir}'
includedir='${prefix}/include'
infodir='${datarootdir}/info'
libdir='${exec_prefix}/lib'
libexecdir='${exec_prefix}/libexec'
localedir='${datarootdir}/locale'
localstatedir='${prefix}/var'
mandir='${datarootdir}/man'
oldincludedir='/usr/include'
pdfdir='${docdir}'
prefix='/home/ec2-user/install-freetds/FREETDS/INSTALL/gperf-3.1x32'
program_transform_name='s,x,x,'
psdir='${docdir}'
sbindir='${exec_prefix}/sbin'
sharedstatedir='${prefix}/com'
subdirs=' lib src tests doc'
sysconfdir='${prefix}/etc'
target_alias=''

## ----------- ##
## confdefs.h. ##
## ----------- ##

/* confdefs.h */
#define PACKAGE_NAME ""
#define PACKAGE_TARNAME ""
#define PACKAGE_VERSION ""
#define PACKAGE_STRING ""
#define PACKAGE_BUGREPORT ""
#define PACKAGE_URL ""

configure: exit 0
