cd lib; make all
make[1]: Entering directory '/home/ec2-user/install-freetds/FREETDS/LIBS/gperf-3.1/lib'
gcc -m32 -I. -c ./getopt.c
gcc -m32 -I. -c ./getopt1.c
g++ -g -O2 -I. -c ./getline.cc
g++ -g -O2 -I. -c ./hash.cc
rm -f libgp.a
ar rc libgp.a getopt.o getopt1.o getline.o hash.o
ranlib libgp.a
make[1]: Leaving directory '/home/ec2-user/install-freetds/FREETDS/LIBS/gperf-3.1/lib'
cd src; make all
make[1]: Entering directory '/home/ec2-user/install-freetds/FREETDS/LIBS/gperf-3.1/src'
g++ -g -O2 -I. -I./../lib -c ./version.cc
g++ -g -O2 -I. -I./../lib -c ./positions.cc
g++ -g -O2 -I. -I./../lib -c ./options.cc
g++ -g -O2 -I. -I./../lib -c ./keyword.cc
g++ -g -O2 -I. -I./../lib -c ./keyword-list.cc
g++ -g -O2 -I. -I./../lib -c ./input.cc
g++ -g -O2 -I. -I./../lib -c ./bool-array.cc
g++ -g -O2 -I. -I./../lib -c ./hash-table.cc
g++ -g -O2 -I. -I./../lib -c ./search.cc
g++ -g -O2 -I. -I./../lib -c ./output.cc
g++ -g -O2 -I. -I./../lib -c ./main.cc
g++ -g -O2  -o gperf version.o positions.o options.o keyword.o keyword-list.o input.o bool-array.o hash-table.o search.o output.o main.o ../lib/libgp.a -lm
make[1]: Leaving directory '/home/ec2-user/install-freetds/FREETDS/LIBS/gperf-3.1/src'
cd tests; make all
make[1]: Entering directory '/home/ec2-user/install-freetds/FREETDS/LIBS/gperf-3.1/tests'
make[1]: Nothing to be done for 'all'.
make[1]: Leaving directory '/home/ec2-user/install-freetds/FREETDS/LIBS/gperf-3.1/tests'
cd doc; make all
make[1]: Entering directory '/home/ec2-user/install-freetds/FREETDS/LIBS/gperf-3.1/doc'
make[1]: Nothing to be done for 'all'.
make[1]: Leaving directory '/home/ec2-user/install-freetds/FREETDS/LIBS/gperf-3.1/doc'
