checking whether make sets $(MAKE)... yes
configure: creating ./config.status
config.status: creating Makefile
=== configuring in lib (/home/ec2-user/install-freetds/FREETDS/LIBS/gperf-3.1/lib)
configure: running /bin/sh ./configure --disable-option-checking '--prefix=/home/ec2-user/install-freetds/FREETDS/INSTALL/gperf-3.1x32'  'CFLAGS=-m32' --cache-file=/dev/null --srcdir=.
checking whether make sets $(MAKE)... yes
checking for gcc... gcc
checking whether the C compiler works... yes
checking for C compiler default output file name... a.out
checking for suffix of executables... 
checking whether we are cross compiling... no
checking for suffix of object files... o
checking whether we are using the GNU C compiler... yes
checking whether gcc accepts -g... yes
checking for gcc option to accept ISO C89... none needed
checking how to run the C preprocessor... gcc -E
checking for g++... g++
checking whether we are using the GNU C++ compiler... yes
checking whether g++ accepts -g... yes
checking how to run the C++ preprocessor... g++ -E
checking for ar... ar
checking for ranlib... ranlib
checking for a BSD compatible install... /usr/bin/install -c
configure: creating ./config.status
config.status: creating Makefile
=== configuring in src (/home/ec2-user/install-freetds/FREETDS/LIBS/gperf-3.1/src)
configure: running /bin/sh ./configure --disable-option-checking '--prefix=/home/ec2-user/install-freetds/FREETDS/INSTALL/gperf-3.1x32'  'CFLAGS=-m32' --cache-file=/dev/null --srcdir=.
checking whether make sets $(MAKE)... yes
checking for gcc... gcc
checking whether the C compiler works... yes
checking for C compiler default output file name... a.out
checking for suffix of executables... 
checking whether we are cross compiling... no
checking for suffix of object files... o
checking whether we are using the GNU C compiler... yes
checking whether gcc accepts -g... yes
checking for gcc option to accept ISO C89... none needed
checking how to run the C preprocessor... gcc -E
checking for g++... g++
checking whether we are using the GNU C++ compiler... yes
checking whether g++ accepts -g... yes
checking how to run the C++ preprocessor... g++ -E
checking for a BSD compatible install... /usr/bin/install -c
checking for stack-allocated variable-size arrays... yes
checking for rand in -lm... yes
configure: creating ./config.status
config.status: creating Makefile
config.status: creating config.h
=== configuring in tests (/home/ec2-user/install-freetds/FREETDS/LIBS/gperf-3.1/tests)
configure: running /bin/sh ./configure --disable-option-checking '--prefix=/home/ec2-user/install-freetds/FREETDS/INSTALL/gperf-3.1x32'  'CFLAGS=-m32' --cache-file=/dev/null --srcdir=.
checking whether make sets $(MAKE)... yes
checking for gcc... gcc
checking whether the C compiler works... yes
checking for C compiler default output file name... a.out
checking for suffix of executables... 
checking whether we are cross compiling... no
checking for suffix of object files... o
checking whether we are using the GNU C compiler... yes
checking whether gcc accepts -g... yes
checking for gcc option to accept ISO C89... none needed
checking how to run the C preprocessor... gcc -E
checking for g++... g++
checking whether we are using the GNU C++ compiler... yes
checking whether g++ accepts -g... yes
checking how to run the C++ preprocessor... g++ -E
configure: creating ./config.status
config.status: creating Makefile
=== configuring in doc (/home/ec2-user/install-freetds/FREETDS/LIBS/gperf-3.1/doc)
configure: running /bin/sh ./configure --disable-option-checking '--prefix=/home/ec2-user/install-freetds/FREETDS/INSTALL/gperf-3.1x32'  'CFLAGS=-m32' --cache-file=/dev/null --srcdir=.
checking whether make sets $(MAKE)... yes
checking for a BSD compatible install... /usr/bin/install -c
configure: creating ./config.status
config.status: creating Makefile
