Making install in extras
make[1]: Entering directory '/home/ec2-user/install-freetds/FREETDS/LIBS/unixODBC-2.3.9/extras'
make[2]: Entering directory '/home/ec2-user/install-freetds/FREETDS/LIBS/unixODBC-2.3.9/extras'
make[2]: Nothing to be done for 'install-exec-am'.
make[2]: Nothing to be done for 'install-data-am'.
make[2]: Leaving directory '/home/ec2-user/install-freetds/FREETDS/LIBS/unixODBC-2.3.9/extras'
make[1]: Leaving directory '/home/ec2-user/install-freetds/FREETDS/LIBS/unixODBC-2.3.9/extras'
Making install in log
make[1]: Entering directory '/home/ec2-user/install-freetds/FREETDS/LIBS/unixODBC-2.3.9/log'
make[2]: Entering directory '/home/ec2-user/install-freetds/FREETDS/LIBS/unixODBC-2.3.9/log'
make[2]: Nothing to be done for 'install-exec-am'.
make[2]: Nothing to be done for 'install-data-am'.
make[2]: Leaving directory '/home/ec2-user/install-freetds/FREETDS/LIBS/unixODBC-2.3.9/log'
make[1]: Leaving directory '/home/ec2-user/install-freetds/FREETDS/LIBS/unixODBC-2.3.9/log'
Making install in lst
make[1]: Entering directory '/home/ec2-user/install-freetds/FREETDS/LIBS/unixODBC-2.3.9/lst'
make[2]: Entering directory '/home/ec2-user/install-freetds/FREETDS/LIBS/unixODBC-2.3.9/lst'
make[2]: Nothing to be done for 'install-exec-am'.
make[2]: Nothing to be done for 'install-data-am'.
make[2]: Leaving directory '/home/ec2-user/install-freetds/FREETDS/LIBS/unixODBC-2.3.9/lst'
make[1]: Leaving directory '/home/ec2-user/install-freetds/FREETDS/LIBS/unixODBC-2.3.9/lst'
Making install in ini
make[1]: Entering directory '/home/ec2-user/install-freetds/FREETDS/LIBS/unixODBC-2.3.9/ini'
make[2]: Entering directory '/home/ec2-user/install-freetds/FREETDS/LIBS/unixODBC-2.3.9/ini'
make[2]: Nothing to be done for 'install-exec-am'.
make[2]: Nothing to be done for 'install-data-am'.
make[2]: Leaving directory '/home/ec2-user/install-freetds/FREETDS/LIBS/unixODBC-2.3.9/ini'
make[1]: Leaving directory '/home/ec2-user/install-freetds/FREETDS/LIBS/unixODBC-2.3.9/ini'
Making install in libltdl
make[1]: Entering directory '/home/ec2-user/install-freetds/FREETDS/LIBS/unixODBC-2.3.9/libltdl'
make  install-am
make[2]: Entering directory '/home/ec2-user/install-freetds/FREETDS/LIBS/unixODBC-2.3.9/libltdl'
make[3]: Entering directory '/home/ec2-user/install-freetds/FREETDS/LIBS/unixODBC-2.3.9/libltdl'
make[3]: Leaving directory '/home/ec2-user/install-freetds/FREETDS/LIBS/unixODBC-2.3.9/libltdl'
make[2]: Leaving directory '/home/ec2-user/install-freetds/FREETDS/LIBS/unixODBC-2.3.9/libltdl'
make[1]: Leaving directory '/home/ec2-user/install-freetds/FREETDS/LIBS/unixODBC-2.3.9/libltdl'
Making install in odbcinst
make[1]: Entering directory '/home/ec2-user/install-freetds/FREETDS/LIBS/unixODBC-2.3.9/odbcinst'
make[2]: Entering directory '/home/ec2-user/install-freetds/FREETDS/LIBS/unixODBC-2.3.9/odbcinst'
 /usr/bin/mkdir -p '/home/ec2-user/install-freetds/FREETDS/INSTALL/unixODBC-2.3.9x32/lib'
 /bin/sh ../libtool   --mode=install /usr/bin/install -c   libodbcinst.la '/home/ec2-user/install-freetds/FREETDS/INSTALL/unixODBC-2.3.9x32/lib'
libtool: install: /usr/bin/install -c .libs/libodbcinst.so.2.0.0 /home/ec2-user/install-freetds/FREETDS/INSTALL/unixODBC-2.3.9x32/lib/libodbcinst.so.2.0.0
libtool: install: (cd /home/ec2-user/install-freetds/FREETDS/INSTALL/unixODBC-2.3.9x32/lib && { ln -s -f libodbcinst.so.2.0.0 libodbcinst.so.2 || { rm -f libodbcinst.so.2 && ln -s libodbcinst.so.2.0.0 libodbcinst.so.2; }; })
libtool: install: (cd /home/ec2-user/install-freetds/FREETDS/INSTALL/unixODBC-2.3.9x32/lib && { ln -s -f libodbcinst.so.2.0.0 libodbcinst.so || { rm -f libodbcinst.so && ln -s libodbcinst.so.2.0.0 libodbcinst.so; }; })
libtool: install: /usr/bin/install -c .libs/libodbcinst.lai /home/ec2-user/install-freetds/FREETDS/INSTALL/unixODBC-2.3.9x32/lib/libodbcinst.la
libtool: finish: PATH="/sbin:/bin:/usr/sbin:/usr/bin:/sbin" ldconfig -n /home/ec2-user/install-freetds/FREETDS/INSTALL/unixODBC-2.3.9x32/lib
----------------------------------------------------------------------
Libraries have been installed in:
   /home/ec2-user/install-freetds/FREETDS/INSTALL/unixODBC-2.3.9x32/lib

If you ever happen to want to link against installed libraries
in a given directory, LIBDIR, you must either use libtool, and
specify the full pathname of the library, or use the '-LLIBDIR'
flag during linking and do at least one of the following:
   - add LIBDIR to the 'LD_LIBRARY_PATH' environment variable
     during execution
   - add LIBDIR to the 'LD_RUN_PATH' environment variable
     during linking
   - use the '-Wl,-rpath -Wl,LIBDIR' linker flag
   - have your system administrator add LIBDIR to '/etc/ld.so.conf'

See any operating system documentation about shared libraries for
more information, such as the ld(1) and ld.so(8) manual pages.
----------------------------------------------------------------------
make[2]: Nothing to be done for 'install-data-am'.
make[2]: Leaving directory '/home/ec2-user/install-freetds/FREETDS/LIBS/unixODBC-2.3.9/odbcinst'
make[1]: Leaving directory '/home/ec2-user/install-freetds/FREETDS/LIBS/unixODBC-2.3.9/odbcinst'
Making install in DriverManager
make[1]: Entering directory '/home/ec2-user/install-freetds/FREETDS/LIBS/unixODBC-2.3.9/DriverManager'
make[2]: Entering directory '/home/ec2-user/install-freetds/FREETDS/LIBS/unixODBC-2.3.9/DriverManager'
 /usr/bin/mkdir -p '/home/ec2-user/install-freetds/FREETDS/INSTALL/unixODBC-2.3.9x32/lib'
 /bin/sh ../libtool   --mode=install /usr/bin/install -c   libodbc.la '/home/ec2-user/install-freetds/FREETDS/INSTALL/unixODBC-2.3.9x32/lib'
libtool: install: /usr/bin/install -c .libs/libodbc.so.2.0.0 /home/ec2-user/install-freetds/FREETDS/INSTALL/unixODBC-2.3.9x32/lib/libodbc.so.2.0.0
libtool: install: (cd /home/ec2-user/install-freetds/FREETDS/INSTALL/unixODBC-2.3.9x32/lib && { ln -s -f libodbc.so.2.0.0 libodbc.so.2 || { rm -f libodbc.so.2 && ln -s libodbc.so.2.0.0 libodbc.so.2; }; })
libtool: install: (cd /home/ec2-user/install-freetds/FREETDS/INSTALL/unixODBC-2.3.9x32/lib && { ln -s -f libodbc.so.2.0.0 libodbc.so || { rm -f libodbc.so && ln -s libodbc.so.2.0.0 libodbc.so; }; })
libtool: install: /usr/bin/install -c .libs/libodbc.lai /home/ec2-user/install-freetds/FREETDS/INSTALL/unixODBC-2.3.9x32/lib/libodbc.la
libtool: finish: PATH="/sbin:/bin:/usr/sbin:/usr/bin:/sbin" ldconfig -n /home/ec2-user/install-freetds/FREETDS/INSTALL/unixODBC-2.3.9x32/lib
----------------------------------------------------------------------
Libraries have been installed in:
   /home/ec2-user/install-freetds/FREETDS/INSTALL/unixODBC-2.3.9x32/lib

If you ever happen to want to link against installed libraries
in a given directory, LIBDIR, you must either use libtool, and
specify the full pathname of the library, or use the '-LLIBDIR'
flag during linking and do at least one of the following:
   - add LIBDIR to the 'LD_LIBRARY_PATH' environment variable
     during execution
   - add LIBDIR to the 'LD_RUN_PATH' environment variable
     during linking
   - use the '-Wl,-rpath -Wl,LIBDIR' linker flag
   - have your system administrator add LIBDIR to '/etc/ld.so.conf'

See any operating system documentation about shared libraries for
more information, such as the ld(1) and ld.so(8) manual pages.
----------------------------------------------------------------------
make[2]: Nothing to be done for 'install-data-am'.
make[2]: Leaving directory '/home/ec2-user/install-freetds/FREETDS/LIBS/unixODBC-2.3.9/DriverManager'
make[1]: Leaving directory '/home/ec2-user/install-freetds/FREETDS/LIBS/unixODBC-2.3.9/DriverManager'
Making install in exe
make[1]: Entering directory '/home/ec2-user/install-freetds/FREETDS/LIBS/unixODBC-2.3.9/exe'
make[2]: Entering directory '/home/ec2-user/install-freetds/FREETDS/LIBS/unixODBC-2.3.9/exe'
 /usr/bin/mkdir -p '/home/ec2-user/install-freetds/FREETDS/INSTALL/unixODBC-2.3.9x32/bin'
  /bin/sh ../libtool   --mode=install /usr/bin/install -c isql dltest odbcinst iusql odbc_config slencheck '/home/ec2-user/install-freetds/FREETDS/INSTALL/unixODBC-2.3.9x32/bin'
libtool: install: /usr/bin/install -c .libs/isql /home/ec2-user/install-freetds/FREETDS/INSTALL/unixODBC-2.3.9x32/bin/isql
libtool: install: /usr/bin/install -c dltest /home/ec2-user/install-freetds/FREETDS/INSTALL/unixODBC-2.3.9x32/bin/dltest
libtool: install: /usr/bin/install -c .libs/odbcinst /home/ec2-user/install-freetds/FREETDS/INSTALL/unixODBC-2.3.9x32/bin/odbcinst
libtool: install: /usr/bin/install -c .libs/iusql /home/ec2-user/install-freetds/FREETDS/INSTALL/unixODBC-2.3.9x32/bin/iusql
libtool: install: /usr/bin/install -c odbc_config /home/ec2-user/install-freetds/FREETDS/INSTALL/unixODBC-2.3.9x32/bin/odbc_config
libtool: install: /usr/bin/install -c .libs/slencheck /home/ec2-user/install-freetds/FREETDS/INSTALL/unixODBC-2.3.9x32/bin/slencheck
make[2]: Nothing to be done for 'install-data-am'.
make[2]: Leaving directory '/home/ec2-user/install-freetds/FREETDS/LIBS/unixODBC-2.3.9/exe'
make[1]: Leaving directory '/home/ec2-user/install-freetds/FREETDS/LIBS/unixODBC-2.3.9/exe'
Making install in cur
make[1]: Entering directory '/home/ec2-user/install-freetds/FREETDS/LIBS/unixODBC-2.3.9/cur'
make[2]: Entering directory '/home/ec2-user/install-freetds/FREETDS/LIBS/unixODBC-2.3.9/cur'
 /usr/bin/mkdir -p '/home/ec2-user/install-freetds/FREETDS/INSTALL/unixODBC-2.3.9x32/lib'
 /bin/sh ../libtool   --mode=install /usr/bin/install -c   libodbccr.la '/home/ec2-user/install-freetds/FREETDS/INSTALL/unixODBC-2.3.9x32/lib'
libtool: install: (cd /home/ec2-user/install-freetds/FREETDS/LIBS/unixODBC-2.3.9/cur; /bin/sh "/home/ec2-user/install-freetds/FREETDS/LIBS/unixODBC-2.3.9/libtool"  --tag CC --mode=relink gcc -m32 -pthread -no-undefined -version-info 2:0:0 -export-symbols ./cur.exp -export-dynamic ../DriverManager/libodbc.la -o libodbccr.la -rpath /home/ec2-user/install-freetds/FREETDS/INSTALL/unixODBC-2.3.9x32/lib SQLAllocHandle.lo SQLAllocHandleStd.lo SQLAllocStmt.lo SQLBindCol.lo SQLBindParam.lo SQLBindParameter.lo SQLCancel.lo SQLCloseCursor.lo SQLColAttribute.lo SQLColAttributes.lo SQLColumnPrivileges.lo SQLColumns.lo SQLConnect.lo SQLCopyDesc.lo SQLDescribeCol.lo SQLDescribeParam.lo SQLEndTran.lo SQLError.lo SQLExecDirect.lo SQLExecute.lo SQLExtendedFetch.lo SQLFetch.lo SQLFetchScroll.lo SQLForeignKeys.lo SQLFreeHandle.lo SQLFreeStmt.lo SQLGetConnectAttr.lo SQLGetConnectOption.lo SQLGetCursorName.lo SQLGetData.lo SQLGetDescField.lo SQLGetDescRec.lo SQLGetDiagRec.lo SQLGetDiagField.lo SQLGetInfo.lo SQLGetStmtAttr.lo SQLGetStmtOption.lo SQLGetTypeInfo.lo SQLMoreResults.lo SQLNativeSql.lo SQLNumParams.lo SQLNumResultCols.lo SQLParamData.lo SQLParamOptions.lo SQLPrepare.lo SQLPrimaryKeys.lo SQLProcedureColumns.lo SQLProcedures.lo SQLPutData.lo SQLRowCount.lo SQLSetConnectAttr.lo SQLSetConnectOption.lo SQLSetCursorName.lo SQLSetDescRec.lo SQLSetDescField.lo SQLSetParam.lo SQLSetPos.lo SQLSetScrollOptions.lo SQLSetStmtAttr.lo SQLSetStmtOption.lo SQLSpecialColumns.lo SQLStatistics.lo SQLTablePrivileges.lo SQLTables.lo SQLTransact.lo -lpthread )
libtool: relink: echo "{ global:" > .libs/libodbccr.ver
libtool: relink:  cat ./cur.exp | sed -e "s/\(.*\)/\1;/" >> .libs/libodbccr.ver
libtool: relink:  echo "local: *; };" >> .libs/libodbccr.ver
libtool: relink:  gcc -shared  -fPIC -DPIC  .libs/SQLAllocHandle.o .libs/SQLAllocHandleStd.o .libs/SQLAllocStmt.o .libs/SQLBindCol.o .libs/SQLBindParam.o .libs/SQLBindParameter.o .libs/SQLCancel.o .libs/SQLCloseCursor.o .libs/SQLColAttribute.o .libs/SQLColAttributes.o .libs/SQLColumnPrivileges.o .libs/SQLColumns.o .libs/SQLConnect.o .libs/SQLCopyDesc.o .libs/SQLDescribeCol.o .libs/SQLDescribeParam.o .libs/SQLEndTran.o .libs/SQLError.o .libs/SQLExecDirect.o .libs/SQLExecute.o .libs/SQLExtendedFetch.o .libs/SQLFetch.o .libs/SQLFetchScroll.o .libs/SQLForeignKeys.o .libs/SQLFreeHandle.o .libs/SQLFreeStmt.o .libs/SQLGetConnectAttr.o .libs/SQLGetConnectOption.o .libs/SQLGetCursorName.o .libs/SQLGetData.o .libs/SQLGetDescField.o .libs/SQLGetDescRec.o .libs/SQLGetDiagRec.o .libs/SQLGetDiagField.o .libs/SQLGetInfo.o .libs/SQLGetStmtAttr.o .libs/SQLGetStmtOption.o .libs/SQLGetTypeInfo.o .libs/SQLMoreResults.o .libs/SQLNativeSql.o .libs/SQLNumParams.o .libs/SQLNumResultCols.o .libs/SQLParamData.o .libs/SQLParamOptions.o .libs/SQLPrepare.o .libs/SQLPrimaryKeys.o .libs/SQLProcedureColumns.o .libs/SQLProcedures.o .libs/SQLPutData.o .libs/SQLRowCount.o .libs/SQLSetConnectAttr.o .libs/SQLSetConnectOption.o .libs/SQLSetCursorName.o .libs/SQLSetDescRec.o .libs/SQLSetDescField.o .libs/SQLSetParam.o .libs/SQLSetPos.o .libs/SQLSetScrollOptions.o .libs/SQLSetStmtAttr.o .libs/SQLSetStmtOption.o .libs/SQLSpecialColumns.o .libs/SQLStatistics.o .libs/SQLTablePrivileges.o .libs/SQLTables.o .libs/SQLTransact.o   -Wl,-rpath -Wl,/home/ec2-user/install-freetds/FREETDS/INSTALL/unixODBC-2.3.9x32/lib -L/home/ec2-user/install-freetds/FREETDS/INSTALL/unixODBC-2.3.9x32/lib -lodbc -ldl -lpthread  -m32 -pthread   -pthread -Wl,-soname -Wl,libodbccr.so.2 -Wl,-version-script -Wl,.libs/libodbccr.ver -o .libs/libodbccr.so.2.0.0
libtool: install: /usr/bin/install -c .libs/libodbccr.so.2.0.0T /home/ec2-user/install-freetds/FREETDS/INSTALL/unixODBC-2.3.9x32/lib/libodbccr.so.2.0.0
libtool: install: (cd /home/ec2-user/install-freetds/FREETDS/INSTALL/unixODBC-2.3.9x32/lib && { ln -s -f libodbccr.so.2.0.0 libodbccr.so.2 || { rm -f libodbccr.so.2 && ln -s libodbccr.so.2.0.0 libodbccr.so.2; }; })
libtool: install: (cd /home/ec2-user/install-freetds/FREETDS/INSTALL/unixODBC-2.3.9x32/lib && { ln -s -f libodbccr.so.2.0.0 libodbccr.so || { rm -f libodbccr.so && ln -s libodbccr.so.2.0.0 libodbccr.so; }; })
libtool: install: /usr/bin/install -c .libs/libodbccr.lai /home/ec2-user/install-freetds/FREETDS/INSTALL/unixODBC-2.3.9x32/lib/libodbccr.la
libtool: finish: PATH="/sbin:/bin:/usr/sbin:/usr/bin:/sbin" ldconfig -n /home/ec2-user/install-freetds/FREETDS/INSTALL/unixODBC-2.3.9x32/lib
----------------------------------------------------------------------
Libraries have been installed in:
   /home/ec2-user/install-freetds/FREETDS/INSTALL/unixODBC-2.3.9x32/lib

If you ever happen to want to link against installed libraries
in a given directory, LIBDIR, you must either use libtool, and
specify the full pathname of the library, or use the '-LLIBDIR'
flag during linking and do at least one of the following:
   - add LIBDIR to the 'LD_LIBRARY_PATH' environment variable
     during execution
   - add LIBDIR to the 'LD_RUN_PATH' environment variable
     during linking
   - use the '-Wl,-rpath -Wl,LIBDIR' linker flag
   - have your system administrator add LIBDIR to '/etc/ld.so.conf'

See any operating system documentation about shared libraries for
more information, such as the ld(1) and ld.so(8) manual pages.
----------------------------------------------------------------------
make[2]: Nothing to be done for 'install-data-am'.
make[2]: Leaving directory '/home/ec2-user/install-freetds/FREETDS/LIBS/unixODBC-2.3.9/cur'
make[1]: Leaving directory '/home/ec2-user/install-freetds/FREETDS/LIBS/unixODBC-2.3.9/cur'
Making install in DRVConfig
make[1]: Entering directory '/home/ec2-user/install-freetds/FREETDS/LIBS/unixODBC-2.3.9/DRVConfig'
make[2]: Entering directory '/home/ec2-user/install-freetds/FREETDS/LIBS/unixODBC-2.3.9/DRVConfig'
make[3]: Entering directory '/home/ec2-user/install-freetds/FREETDS/LIBS/unixODBC-2.3.9/DRVConfig'
make[3]: Nothing to be done for 'install-exec-am'.
make[3]: Nothing to be done for 'install-data-am'.
make[3]: Leaving directory '/home/ec2-user/install-freetds/FREETDS/LIBS/unixODBC-2.3.9/DRVConfig'
make[2]: Leaving directory '/home/ec2-user/install-freetds/FREETDS/LIBS/unixODBC-2.3.9/DRVConfig'
make[1]: Leaving directory '/home/ec2-user/install-freetds/FREETDS/LIBS/unixODBC-2.3.9/DRVConfig'
Making install in Drivers
make[1]: Entering directory '/home/ec2-user/install-freetds/FREETDS/LIBS/unixODBC-2.3.9/Drivers'
make[2]: Entering directory '/home/ec2-user/install-freetds/FREETDS/LIBS/unixODBC-2.3.9/Drivers'
make[3]: Entering directory '/home/ec2-user/install-freetds/FREETDS/LIBS/unixODBC-2.3.9/Drivers'
make[3]: Nothing to be done for 'install-exec-am'.
make[3]: Nothing to be done for 'install-data-am'.
make[3]: Leaving directory '/home/ec2-user/install-freetds/FREETDS/LIBS/unixODBC-2.3.9/Drivers'
make[2]: Leaving directory '/home/ec2-user/install-freetds/FREETDS/LIBS/unixODBC-2.3.9/Drivers'
make[1]: Leaving directory '/home/ec2-user/install-freetds/FREETDS/LIBS/unixODBC-2.3.9/Drivers'
Making install in include
make[1]: Entering directory '/home/ec2-user/install-freetds/FREETDS/LIBS/unixODBC-2.3.9/include'
make[2]: Entering directory '/home/ec2-user/install-freetds/FREETDS/LIBS/unixODBC-2.3.9/include'
make[2]: Nothing to be done for 'install-exec-am'.
 /usr/bin/mkdir -p '/home/ec2-user/install-freetds/FREETDS/INSTALL/unixODBC-2.3.9x32/include'
 /usr/bin/install -c -m 644 odbcinst.h odbcinstext.h sql.h sqlext.h sqltypes.h sqlucode.h sqlspi.h autotest.h uodbc_stats.h uodbc_extras.h '/home/ec2-user/install-freetds/FREETDS/INSTALL/unixODBC-2.3.9x32/include'
make[2]: Leaving directory '/home/ec2-user/install-freetds/FREETDS/LIBS/unixODBC-2.3.9/include'
make[1]: Leaving directory '/home/ec2-user/install-freetds/FREETDS/LIBS/unixODBC-2.3.9/include'
Making install in doc
make[1]: Entering directory '/home/ec2-user/install-freetds/FREETDS/LIBS/unixODBC-2.3.9/doc'
Making install in AdministratorManual
make[2]: Entering directory '/home/ec2-user/install-freetds/FREETDS/LIBS/unixODBC-2.3.9/doc/AdministratorManual'
make[3]: Entering directory '/home/ec2-user/install-freetds/FREETDS/LIBS/unixODBC-2.3.9/doc/AdministratorManual'
make[3]: Nothing to be done for 'install-exec-am'.
make[3]: Nothing to be done for 'install-data-am'.
make[3]: Leaving directory '/home/ec2-user/install-freetds/FREETDS/LIBS/unixODBC-2.3.9/doc/AdministratorManual'
make[2]: Leaving directory '/home/ec2-user/install-freetds/FREETDS/LIBS/unixODBC-2.3.9/doc/AdministratorManual'
Making install in ProgrammerManual
make[2]: Entering directory '/home/ec2-user/install-freetds/FREETDS/LIBS/unixODBC-2.3.9/doc/ProgrammerManual'
Making install in Tutorial
make[3]: Entering directory '/home/ec2-user/install-freetds/FREETDS/LIBS/unixODBC-2.3.9/doc/ProgrammerManual/Tutorial'
make[4]: Entering directory '/home/ec2-user/install-freetds/FREETDS/LIBS/unixODBC-2.3.9/doc/ProgrammerManual/Tutorial'
make[4]: Nothing to be done for 'install-exec-am'.
make[4]: Nothing to be done for 'install-data-am'.
make[4]: Leaving directory '/home/ec2-user/install-freetds/FREETDS/LIBS/unixODBC-2.3.9/doc/ProgrammerManual/Tutorial'
make[3]: Leaving directory '/home/ec2-user/install-freetds/FREETDS/LIBS/unixODBC-2.3.9/doc/ProgrammerManual/Tutorial'
make[3]: Entering directory '/home/ec2-user/install-freetds/FREETDS/LIBS/unixODBC-2.3.9/doc/ProgrammerManual'
make[4]: Entering directory '/home/ec2-user/install-freetds/FREETDS/LIBS/unixODBC-2.3.9/doc/ProgrammerManual'
make[4]: Nothing to be done for 'install-exec-am'.
make[4]: Nothing to be done for 'install-data-am'.
make[4]: Leaving directory '/home/ec2-user/install-freetds/FREETDS/LIBS/unixODBC-2.3.9/doc/ProgrammerManual'
make[3]: Leaving directory '/home/ec2-user/install-freetds/FREETDS/LIBS/unixODBC-2.3.9/doc/ProgrammerManual'
make[2]: Leaving directory '/home/ec2-user/install-freetds/FREETDS/LIBS/unixODBC-2.3.9/doc/ProgrammerManual'
Making install in UserManual
make[2]: Entering directory '/home/ec2-user/install-freetds/FREETDS/LIBS/unixODBC-2.3.9/doc/UserManual'
make[3]: Entering directory '/home/ec2-user/install-freetds/FREETDS/LIBS/unixODBC-2.3.9/doc/UserManual'
make[3]: Nothing to be done for 'install-exec-am'.
make[3]: Nothing to be done for 'install-data-am'.
make[3]: Leaving directory '/home/ec2-user/install-freetds/FREETDS/LIBS/unixODBC-2.3.9/doc/UserManual'
make[2]: Leaving directory '/home/ec2-user/install-freetds/FREETDS/LIBS/unixODBC-2.3.9/doc/UserManual'
Making install in lst
make[2]: Entering directory '/home/ec2-user/install-freetds/FREETDS/LIBS/unixODBC-2.3.9/doc/lst'
make[3]: Entering directory '/home/ec2-user/install-freetds/FREETDS/LIBS/unixODBC-2.3.9/doc/lst'
make[3]: Nothing to be done for 'install-exec-am'.
make[3]: Nothing to be done for 'install-data-am'.
make[3]: Leaving directory '/home/ec2-user/install-freetds/FREETDS/LIBS/unixODBC-2.3.9/doc/lst'
make[2]: Leaving directory '/home/ec2-user/install-freetds/FREETDS/LIBS/unixODBC-2.3.9/doc/lst'
make[2]: Entering directory '/home/ec2-user/install-freetds/FREETDS/LIBS/unixODBC-2.3.9/doc'
make[3]: Entering directory '/home/ec2-user/install-freetds/FREETDS/LIBS/unixODBC-2.3.9/doc'
make[3]: Nothing to be done for 'install-exec-am'.
make[3]: Nothing to be done for 'install-data-am'.
make[3]: Leaving directory '/home/ec2-user/install-freetds/FREETDS/LIBS/unixODBC-2.3.9/doc'
make[2]: Leaving directory '/home/ec2-user/install-freetds/FREETDS/LIBS/unixODBC-2.3.9/doc'
make[1]: Leaving directory '/home/ec2-user/install-freetds/FREETDS/LIBS/unixODBC-2.3.9/doc'
Making install in man
make[1]: Entering directory '/home/ec2-user/install-freetds/FREETDS/LIBS/unixODBC-2.3.9/man'
make[2]: Entering directory '/home/ec2-user/install-freetds/FREETDS/LIBS/unixODBC-2.3.9/man'
make[2]: Nothing to be done for 'install-exec-am'.
 /usr/bin/mkdir -p '/home/ec2-user/install-freetds/FREETDS/INSTALL/unixODBC-2.3.9x32/share/man/man1'
 /usr/bin/install -c -m 644 isql.1 odbcinst.1 dltest.1 iusql.1 odbc_config.1 '/home/ec2-user/install-freetds/FREETDS/INSTALL/unixODBC-2.3.9x32/share/man/man1'
 /usr/bin/mkdir -p '/home/ec2-user/install-freetds/FREETDS/INSTALL/unixODBC-2.3.9x32/share/man/man5'
 /usr/bin/install -c -m 644 odbc.ini.5 odbcinst.ini.5 '/home/ec2-user/install-freetds/FREETDS/INSTALL/unixODBC-2.3.9x32/share/man/man5'
 /usr/bin/mkdir -p '/home/ec2-user/install-freetds/FREETDS/INSTALL/unixODBC-2.3.9x32/share/man/man7'
 /usr/bin/install -c -m 644 unixODBC.7 '/home/ec2-user/install-freetds/FREETDS/INSTALL/unixODBC-2.3.9x32/share/man/man7'
make[2]: Leaving directory '/home/ec2-user/install-freetds/FREETDS/LIBS/unixODBC-2.3.9/man'
make[1]: Leaving directory '/home/ec2-user/install-freetds/FREETDS/LIBS/unixODBC-2.3.9/man'
Making install in samples
make[1]: Entering directory '/home/ec2-user/install-freetds/FREETDS/LIBS/unixODBC-2.3.9/samples'
make[2]: Entering directory '/home/ec2-user/install-freetds/FREETDS/LIBS/unixODBC-2.3.9/samples'
make[2]: Nothing to be done for 'install-exec-am'.
make[2]: Nothing to be done for 'install-data-am'.
make[2]: Leaving directory '/home/ec2-user/install-freetds/FREETDS/LIBS/unixODBC-2.3.9/samples'
make[1]: Leaving directory '/home/ec2-user/install-freetds/FREETDS/LIBS/unixODBC-2.3.9/samples'
make[1]: Entering directory '/home/ec2-user/install-freetds/FREETDS/LIBS/unixODBC-2.3.9'
make[2]: Entering directory '/home/ec2-user/install-freetds/FREETDS/LIBS/unixODBC-2.3.9'
make[2]: Nothing to be done for 'install-exec-am'.
 /usr/bin/mkdir -p '/home/ec2-user/install-freetds/FREETDS/INSTALL/unixODBC-2.3.9x32/lib/pkgconfig'
 /usr/bin/install -c -m 644 cur/odbccr.pc DriverManager/odbc.pc odbcinst/odbcinst.pc '/home/ec2-user/install-freetds/FREETDS/INSTALL/unixODBC-2.3.9x32/lib/pkgconfig'
mkdir -p /home/ec2-user/install-freetds/FREETDS/INSTALL/unixODBC-2.3.9x32/etc/ODBCDataSources
touch /home/ec2-user/install-freetds/FREETDS/INSTALL/unixODBC-2.3.9x32/etc/odbcinst.ini
touch /home/ec2-user/install-freetds/FREETDS/INSTALL/unixODBC-2.3.9x32/etc/odbc.ini
cp unixodbc_conf.h /home/ec2-user/install-freetds/FREETDS/INSTALL/unixODBC-2.3.9x32/include/unixodbc_conf.h
make[2]: Leaving directory '/home/ec2-user/install-freetds/FREETDS/LIBS/unixODBC-2.3.9'
make[1]: Leaving directory '/home/ec2-user/install-freetds/FREETDS/LIBS/unixODBC-2.3.9'
