checking for a BSD-compatible install... /usr/bin/install -c
checking whether build environment is sane... yes
checking for a thread-safe mkdir -p... /usr/bin/mkdir -p
checking for gawk... gawk
checking whether make sets $(MAKE)... yes
checking whether make supports nested variables... yes
checking for gawk... (cached) gawk
checking for bison... bison -y
checking for style of include used by make... GNU
checking for gcc... gcc
checking whether the C compiler works... yes
checking for C compiler default output file name... a.out
checking for suffix of executables... 
checking whether we are cross compiling... no
checking for suffix of object files... o
checking whether we are using the GNU C compiler... yes
checking whether gcc accepts -g... yes
checking for gcc option to accept ISO C89... none needed
checking whether gcc understands -c and -o together... yes
checking dependency style of gcc... gcc3
checking how to run the C preprocessor... gcc -E
checking for gcc... (cached) gcc
checking whether we are using the GNU C compiler... (cached) yes
checking whether gcc accepts -g... (cached) yes
checking for gcc option to accept ISO C89... (cached) none needed
checking whether gcc understands -c and -o together... (cached) yes
checking dependency style of gcc... (cached) gcc3
checking for flex... flex
checking lex output file root... lex.yy
checking lex library... none needed
checking whether yytext is a pointer... no
checking whether ln -s works... yes
checking whether make sets $(MAKE)... (cached) yes
checking for grep that handles long lines and -e... /usr/bin/grep
checking for egrep... /usr/bin/grep -E
checking for ANSI C header files... yes
checking for sys/types.h... yes
checking for sys/stat.h... yes
checking for stdlib.h... yes
checking for string.h... yes
checking for memory.h... yes
checking for strings.h... yes
checking for inttypes.h... yes
checking for stdint.h... yes
checking for unistd.h... yes
checking sys/sem.h usability... yes
checking sys/sem.h presence... yes
checking for sys/sem.h... yes
checking build system type... x86_64-unknown-linux-gnu
checking host system type... x86_64-unknown-linux-gnu
checking how to print strings... printf
checking for a sed that does not truncate output... /usr/bin/sed
checking for fgrep... /usr/bin/grep -F
checking for ld used by gcc... /usr/bin/ld
checking if the linker (/usr/bin/ld) is GNU ld... yes
checking for BSD- or MS-compatible name lister (nm)... /usr/bin/nm -B
checking the name lister (/usr/bin/nm -B) interface... BSD nm
checking the maximum length of command line arguments... 1572864
checking how to convert x86_64-unknown-linux-gnu file names to x86_64-unknown-linux-gnu format... func_convert_file_noop
checking how to convert x86_64-unknown-linux-gnu file names to toolchain format... func_convert_file_noop
checking for /usr/bin/ld option to reload object files... -r
checking for objdump... objdump
checking how to recognize dependent libraries... pass_all
checking for dlltool... dlltool
checking how to associate runtime and link libraries... printf %s\n
checking for ar... ar
checking for archiver @FILE support... @
checking for strip... strip
checking for ranlib... ranlib
checking command to parse /usr/bin/nm -B output from gcc object... ok
checking for sysroot... no
checking for a working dd... /usr/bin/dd
checking how to truncate binary pipes... /usr/bin/dd bs=4096 count=1
checking for mt... no
checking if : is a manifest tool... no
checking for dlfcn.h... yes
checking for objdir... .libs
checking if gcc supports -fno-rtti -fno-exceptions... no
checking for gcc option to produce PIC... -fPIC -DPIC
checking if gcc PIC flag -fPIC -DPIC works... yes
checking if gcc static flag -static works... no
checking if gcc supports -c -o file.o... yes
checking if gcc supports -c -o file.o... (cached) yes
checking whether the gcc linker (/usr/bin/ld -m elf_i386) supports shared libraries... yes
checking whether -lc should be explicitly linked in... no
checking dynamic linker characteristics... GNU/Linux ld.so
checking how to hardcode library paths into programs... immediate
checking for shl_load... no
checking for shl_load in -ldld... no
checking for dlopen... no
checking for dlopen in -ldl... yes
checking whether a program can dlopen itself... yes
checking whether a statically linked program can dlopen itself... yes
checking whether stripping libraries is possible... yes
checking if libtool supports shared libraries... yes
checking whether to build shared libraries... yes
checking whether to build static libraries... no
checking what extension is used for runtime loadable modules... .so
checking what variable specifies run-time module search path... LD_LIBRARY_PATH
checking for the default library search path... /lib /usr/lib /usr/lib64//bind9-export/ /usr/lib64/dyninst           
checking for library containing dlopen... -ldl
checking for dlerror... yes
checking for shl_load... (cached) no
checking for shl_load in -ldld... (cached) no
checking for dld_link in -ldld... no
checking for _ prefix in compiled symbols... no
checking whether deplibs are loaded by dlopen... yes
checking for argz.h... yes
checking for error_t... yes
checking for argz_add... yes
checking for argz_append... yes
checking for argz_count... yes
checking for argz_create_sep... yes
checking for argz_insert... yes
checking for argz_next... yes
checking for argz_stringify... yes
checking if argz actually works... yes
checking whether libtool supports -dlopen/-dlpreopen... yes
checking for ltdl.h... no
checking where to find libltdl headers... -I$(top_srcdir)/libltdl
checking where to find libltdl library... $(top_build_prefix)libltdl/libltdlc.la
checking for unistd.h... (cached) yes
checking for dl.h... no
checking for sys/dl.h... no
checking for dld.h... no
checking for mach-o/dyld.h... no
checking for dirent.h... yes
checking for closedir... yes
checking for opendir... yes
checking for readdir... yes
checking for strlcat... no
checking for strlcpy... no
checking for shared lib extension... .so
checking for iconv... yes
checking for iconv declaration... 
         extern size_t iconv (iconv_t cd, char * *inbuf, size_t *inbytesleft, char * *outbuf, size_t *outbytesleft);
checking for encoding to use for CHAR representations ... auto-search 
checking for encoding to use for UNICODE representations ... auto-search 
checking Are we using per driver iconv ... no 
checking for crypt in -lcrypt... yes
checking for pow in -lm... yes
checking for readline in -lreadline ... no
checking for readline in -lreadline -lcurses ... no
checking Are we using ini caching ... yes 
checking whether time.h and sys/time.h may both be included... yes
checking sys/time.h usability... yes
checking sys/time.h presence... yes
checking for sys/time.h... yes
checking size of long... 4
checking if platform is 64 bit... No 
checking for long long... yes
checking size of long int... 4
checking for ptrdiff_t... yes
checking for strcasecmp... yes
checking for strncasecmp... yes
checking for vsnprintf... yes
checking for strtol... yes
checking for atoll... yes
checking for strtoll... yes
checking for endpwent... yes
checking for gettimeofday... yes
checking for ftime... yes
checking for time... yes
checking for stricmp... no
checking for strnicmp... no
checking for getuid... yes
checking for getpwuid... yes
checking for nl_langinfo... yes
checking for nl_langinfo and CODESET... yes
checking if os is AIX ... no - enable check for libthread 
checking for mutex_lock in -lthread ... no
checking for pthread_mutex_lock in -lpthread... yes
checking if compiler accepts -pthread... yes
checking for localtime_r in -lc... yes
checking for ANSI C header files... (cached) yes
checking malloc.h usability... yes
checking malloc.h presence... yes
checking for malloc.h... yes
checking for unistd.h... (cached) yes
checking pwd.h usability... yes
checking pwd.h presence... yes
checking for pwd.h... yes
checking crypt.h usability... yes
checking crypt.h presence... yes
checking for crypt.h... yes
checking limits.h usability... yes
checking limits.h presence... yes
checking for limits.h... yes
checking synch.h usability... no
checking synch.h presence... no
checking for synch.h... no
checking for strings.h... (cached) yes
checking for string.h... (cached) yes
checking locale.h usability... yes
checking locale.h presence... yes
checking for locale.h... yes
checking sys/malloc.h usability... no
checking sys/malloc.h presence... no
checking for sys/malloc.h... no
checking for sys/types.h... (cached) yes
checking for sys/sem.h... (cached) yes
checking stdarg.h usability... yes
checking stdarg.h presence... yes
checking for stdarg.h... yes
checking varargs.h usability... no
checking varargs.h presence... no
checking for varargs.h... no
checking for sys/time.h... (cached) yes
checking sys/timeb.h usability... yes
checking sys/timeb.h presence... yes
checking for sys/timeb.h... yes
checking time.h usability... yes
checking time.h presence... yes
checking for time.h... yes
checking langinfo.h usability... yes
checking langinfo.h presence... yes
checking for langinfo.h... yes
checking stddef.h usability... yes
checking stddef.h presence... yes
checking for stddef.h... yes
checking msql.h usability... no
checking msql.h presence... no
checking for msql.h... no
checking for an ANSI C-conforming const... yes
checking for size_t... yes
checking whether struct tm is in sys/time.h or time.h... time.h
checking for uid_t in sys/types.h... yes
checking for dirent.h that defines DIR... yes
checking for library containing opendir... none required
checking for working alloca.h... yes
checking for alloca... yes
checking for vprintf... yes
checking for _doprnt... no
checking for putenv... yes
checking for socket... yes
checking for strdup... yes
checking for strstr... yes
checking for setenv... yes
checking for setlocale... yes
checking for strchr... yes
checking that generated files are newer than configure... done
configure: creating ./config.status
config.status: creating Makefile
config.status: creating extras/Makefile
config.status: creating log/Makefile
config.status: creating lst/Makefile
config.status: creating ini/Makefile
config.status: creating odbcinst/Makefile
config.status: creating odbcinst/odbcinst.pc
config.status: creating cur/Makefile
config.status: creating cur/odbccr.pc
config.status: creating DriverManager/Makefile
config.status: creating DriverManager/odbc.pc
config.status: creating exe/Makefile
config.status: creating DRVConfig/Makefile
config.status: creating DRVConfig/drvcfg1/Makefile
config.status: creating DRVConfig/drvcfg2/Makefile
config.status: creating DRVConfig/PostgreSQL/Makefile
config.status: creating DRVConfig/MiniSQL/Makefile
config.status: creating DRVConfig/MySQL/Makefile
config.status: creating DRVConfig/nn/Makefile
config.status: creating DRVConfig/esoob/Makefile
config.status: creating DRVConfig/oplodbc/Makefile
config.status: creating DRVConfig/template/Makefile
config.status: creating DRVConfig/tds/Makefile
config.status: creating DRVConfig/txt/Makefile
config.status: creating DRVConfig/Oracle/Makefile
config.status: creating DRVConfig/sapdb/Makefile
config.status: creating DRVConfig/Mimer/Makefile
config.status: creating Drivers/Makefile
config.status: creating Drivers/Postgre7.1/Makefile
config.status: creating Drivers/nn/Makefile
config.status: creating Drivers/template/Makefile
config.status: creating Drivers/MiniSQL/Makefile
config.status: creating include/Makefile
config.status: creating man/Makefile
config.status: creating doc/Makefile
config.status: creating doc/AdministratorManual/Makefile
config.status: creating doc/ProgrammerManual/Makefile
config.status: creating doc/ProgrammerManual/Tutorial/Makefile
config.status: creating doc/UserManual/Makefile
config.status: creating doc/lst/Makefile
config.status: creating samples/Makefile
config.status: creating config.h
config.status: creating unixodbc_conf.h
config.status: executing depfiles commands
config.status: executing libtool commands
=== configuring in libltdl (/home/ec2-user/install-freetds/FREETDS/LIBS/unixODBC-2.3.9/libltdl)
configure: running /bin/sh ./configure --disable-option-checking '--prefix=/home/ec2-user/install-freetds/FREETDS/INSTALL/unixODBC-2.3.9x32'  'CFLAGS=-m32' '--disable-gui' '--disable-drivers' '--enable-iconv' '--enable-ltdl-convenience' --cache-file=/dev/null --srcdir=.
checking for a BSD-compatible install... /usr/bin/install -c
checking whether build environment is sane... yes
checking for a thread-safe mkdir -p... /usr/bin/mkdir -p
checking for gawk... gawk
checking whether make sets $(MAKE)... yes
checking whether make supports nested variables... yes
checking whether make supports nested variables... (cached) yes
checking build system type... x86_64-unknown-linux-gnu
checking host system type... x86_64-unknown-linux-gnu
checking how to print strings... printf
checking for style of include used by make... GNU
checking for gcc... gcc
checking whether the C compiler works... yes
checking for C compiler default output file name... a.out
checking for suffix of executables... 
checking whether we are cross compiling... no
checking for suffix of object files... o
checking whether we are using the GNU C compiler... yes
checking whether gcc accepts -g... yes
checking for gcc option to accept ISO C89... none needed
checking whether gcc understands -c and -o together... yes
checking dependency style of gcc... gcc3
checking for a sed that does not truncate output... /usr/bin/sed
checking for grep that handles long lines and -e... /usr/bin/grep
checking for egrep... /usr/bin/grep -E
checking for fgrep... /usr/bin/grep -F
checking for ld used by gcc... /usr/bin/ld
checking if the linker (/usr/bin/ld) is GNU ld... yes
checking for BSD- or MS-compatible name lister (nm)... /usr/bin/nm -B
checking the name lister (/usr/bin/nm -B) interface... BSD nm
checking whether ln -s works... yes
checking the maximum length of command line arguments... 1572864
checking how to convert x86_64-unknown-linux-gnu file names to x86_64-unknown-linux-gnu format... func_convert_file_noop
checking how to convert x86_64-unknown-linux-gnu file names to toolchain format... func_convert_file_noop
checking for /usr/bin/ld option to reload object files... -r
checking for objdump... objdump
checking how to recognize dependent libraries... pass_all
checking for dlltool... no
checking how to associate runtime and link libraries... printf %s\n
checking for ar... ar
checking for archiver @FILE support... @
checking for strip... strip
checking for ranlib... ranlib
checking command to parse /usr/bin/nm -B output from gcc object... ok
checking for sysroot... no
checking for a working dd... /usr/bin/dd
checking how to truncate binary pipes... /usr/bin/dd bs=4096 count=1
checking for mt... no
checking if : is a manifest tool... no
checking how to run the C preprocessor... gcc -E
checking for ANSI C header files... yes
checking for sys/types.h... yes
checking for sys/stat.h... yes
checking for stdlib.h... yes
checking for string.h... yes
checking for memory.h... yes
checking for strings.h... yes
checking for inttypes.h... yes
checking for stdint.h... yes
checking for unistd.h... yes
checking for dlfcn.h... yes
checking for objdir... .libs
checking if gcc supports -fno-rtti -fno-exceptions... no
checking for gcc option to produce PIC... -fPIC -DPIC
checking if gcc PIC flag -fPIC -DPIC works... yes
checking if gcc static flag -static works... no
checking if gcc supports -c -o file.o... yes
checking if gcc supports -c -o file.o... (cached) yes
checking whether the gcc linker (/usr/bin/ld -m elf_i386) supports shared libraries... yes
checking whether -lc should be explicitly linked in... no
checking dynamic linker characteristics... GNU/Linux ld.so
checking how to hardcode library paths into programs... immediate
checking for shl_load... no
checking for shl_load in -ldld... no
checking for dlopen... no
checking for dlopen in -ldl... yes
checking whether a program can dlopen itself... yes
checking whether a statically linked program can dlopen itself... yes
checking whether stripping libraries is possible... yes
checking if libtool supports shared libraries... yes
checking whether to build shared libraries... yes
checking whether to build static libraries... yes
checking what extension is used for runtime loadable modules... .so
checking what variable specifies run-time module search path... LD_LIBRARY_PATH
checking for the default library search path... /lib /usr/lib /usr/lib64//bind9-export/ /usr/lib64/dyninst           
checking for library containing dlopen... -ldl
checking for dlerror... yes
checking for shl_load... (cached) no
checking for shl_load in -ldld... (cached) no
checking for dld_link in -ldld... no
checking for _ prefix in compiled symbols... no
checking whether deplibs are loaded by dlopen... yes
checking for argz.h... yes
checking for error_t... yes
checking for argz_add... yes
checking for argz_append... yes
checking for argz_count... yes
checking for argz_create_sep... yes
checking for argz_insert... yes
checking for argz_next... yes
checking for argz_stringify... yes
checking if argz actually works... yes
checking whether libtool supports -dlopen/-dlpreopen... yes
checking for unistd.h... (cached) yes
checking for dl.h... no
checking for sys/dl.h... no
checking for dld.h... no
checking for mach-o/dyld.h... no
checking for dirent.h... yes
checking for closedir... yes
checking for opendir... yes
checking for readdir... yes
checking for strlcat... no
checking for strlcpy... no
checking that generated files are newer than configure... done
configure: creating ./config.status
config.status: creating Makefile
config.status: creating config.h
config.status: executing depfiles commands
config.status: executing libtool commands
checking are we setting library version ... no 
